[2021-06-14 19:24:07] Текст ошибки: Страница не найдена | Файл: /var/www/store.loc/public/index.php | Строка: 8
---------------------
[2021-06-14 19:24:30] Текст ошибки: Страница не найдена | Файл: /var/www/store.loc/public/index.php | Строка: 8
---------------------
[2021-06-14 19:24:39] Текст ошибки: Страница не найдена | Файл: /var/www/store.loc/public/index.php | Строка: 8
---------------------
[2021-06-14 19:24:46] Текст ошибки: Страница не найдена | Файл: /var/www/store.loc/public/index.php | Строка: 8
---------------------
[2021-06-14 19:24:46] Текст ошибки: Страница не найдена | Файл: /var/www/store.loc/public/index.php | Строка: 8
---------------------
[2021-06-14 19:25:02] Текст ошибки: Страница не найдена | Файл: /var/www/store.loc/public/index.php | Строка: 8
---------------------
[2021-06-14 19:38:56] Текст ошибки: Class 'set_exception_handler' not found | Файл: /var/www/store.loc/public/index.php | Строка: 8
---------------------
[2021-06-14 19:39:14] Текст ошибки: Class 'set_exception_handler' not found | Файл: /var/www/store.loc/public/index.php | Строка: 8
---------------------
[2021-06-14 19:39:55] Текст ошибки: Class 'ErrorHandler' not found | Файл: /var/www/store.loc/public/index.php | Строка: 8
---------------------
[2021-06-14 19:40:18] Текст ошибки: Class 'ErrorHandler' not found | Файл: /var/www/store.loc/public/index.php | Строка: 8
---------------------
[2021-06-14 19:42:10] Текст ошибки: Страница не найдена | Файл: /var/www/store.loc/public/index.php | Строка: 8
---------------------
[2021-06-14 19:42:45] Текст ошибки: Страница не найдена | Файл: /var/www/store.loc/public/index.php | Строка: 8
---------------------
[2021-06-14 19:42:56] Текст ошибки: Страница не найдена | Файл: /var/www/store.loc/public/index.php | Строка: 8
---------------------
[2021-06-14 19:43:22] Текст ошибки: Страница не найдена | Файл: /var/www/store.loc/public/index.php | Строка: 8
---------------------
[2021-06-14 19:43:28] Текст ошибки: Страница не найдена | Файл: /var/www/store.loc/public/index.php | Строка: 8
---------------------
[2021-06-14 19:43:45] Текст ошибки: Страница не найдена | Файл: /var/www/store.loc/public/index.php | Строка: 8
---------------------
[2021-06-14 19:45:47] Текст ошибки: Страница не найдена | Файл: /var/www/store.loc/public/index.php | Строка: 8
---------------------
[2021-06-14 21:53:08] Текст ошибки: Страница не найдена | Файл: /var/www/store.loc/public/index.php | Строка: 8
---------------------
[2021-06-14 21:53:25] Текст ошибки: Страница не найдена | Файл: /var/www/store.loc/public/index.php | Строка: 8
---------------------
[2021-06-14 21:54:24] Текст ошибки: Страница не найдена | Файл: /var/www/store.loc/public/index.php | Строка: 8
---------------------
[2021-06-14 21:58:35] Текст ошибки: Страница не найдена | Файл: /var/www/store.loc/public/index.php | Строка: 8
---------------------
[2021-06-14 22:02:27] Текст ошибки: Страница не найдена | Файл: /var/www/store.loc/public/index.php | Строка: 8
---------------------
[2021-06-14 22:02:44] Текст ошибки: Страница не найдена | Файл: /var/www/store.loc/public/index.php | Строка: 8
---------------------
[2021-06-14 22:03:14] Текст ошибки: Страница не найдена | Файл: /var/www/store.loc/public/index.php | Строка: 8
---------------------
[2021-06-14 22:15:21] Текст ошибки: Страница не найдена | Файл: /var/www/store.loc/public/index.php | Строка: 8
---------------------
[2021-06-14 22:15:42] Текст ошибки: Страница не найдена | Файл: /var/www/store.loc/public/index.php | Строка: 8
---------------------
[2021-06-14 22:17:15] Текст ошибки: Страница не найдена | Файл: /var/www/store.loc/public/index.php | Строка: 8
---------------------
[2021-06-14 22:17:22] Текст ошибки: Страница не найдена | Файл: /var/www/store.loc/public/index.php | Строка: 8
---------------------
[2021-06-15 14:47:54] Текст ошибки: Page not found. | Файл: /var/www/store.loc/vendor/store/core/Router.php | Строка: 25
---------------------
[2021-06-15 14:48:55] Текст ошибки: Page not found. | Файл: /var/www/store.loc/vendor/store/core/Router.php | Строка: 25
---------------------
[2021-06-15 14:54:49] Текст ошибки: Page not found. | Файл: /var/www/store.loc/vendor/store/core/Router.php | Строка: 25
---------------------
[2021-06-15 15:27:43] Текст ошибки: Controller app\controllers\PageNewController not found. | Файл: /var/www/store.loc/vendor/store/core/Router.php | Строка: 33
---------------------
[2021-06-15 15:28:01] Текст ошибки: Controller app\controllers\MainController not found. | Файл: /var/www/store.loc/vendor/store/core/Router.php | Строка: 33
---------------------
[2021-06-15 15:29:54] Текст ошибки: Method app\controllers\MainController::indexAction not found. | Файл: /var/www/store.loc/vendor/store/core/Router.php | Строка: 30
---------------------
[2021-06-15 15:31:42] Текст ошибки: Controller app\controllers\PageController not found. | Файл: /var/www/store.loc/vendor/store/core/Router.php | Строка: 33
---------------------
